<?xml version="1.0" encoding="UTF-8"?>
<testsuite name="edu.austral.dissis.chess.engine.myTests.pieceMovesTest.CastlingTest" tests="1" skipped="0" failures="0" errors="0" timestamp="2024-06-18T20:40:22" hostname="DESKTOP-RV0KP29" time="0.227">
  <properties/>
  <testcase name="testCastling()" classname="edu.austral.dissis.chess.engine.myTests.pieceMovesTest.CastlingTest" time="0.227"/>
  <system-out><![CDATA[[Position(x=4, y=1)]
[Position(x=4, y=1)]
]]></system-out>
  <system-err><![CDATA[]]></system-err>
</testsuite>
