<?xml version="1.0" encoding="UTF-8"?>
<testsuite name="edu.austral.dissis.chess.engine.myTests.pieceMovesTest.QueenMovesTest" tests="13" skipped="0" failures="0" errors="0" timestamp="2024-06-18T20:40:22" hostname="DESKTOP-RV0KP29" time="0.042">
  <properties/>
  <testcase name="queenMoveUpRight()" classname="edu.austral.dissis.chess.engine.myTests.pieceMovesTest.QueenMovesTest" time="0.009"/>
  <testcase name="queenMoveDown()" classname="edu.austral.dissis.chess.engine.myTests.pieceMovesTest.QueenMovesTest" time="0.001"/>
  <testcase name="queenMoveLeft()" classname="edu.austral.dissis.chess.engine.myTests.pieceMovesTest.QueenMovesTest" time="0.001"/>
  <testcase name="queenMoveDownRight()" classname="edu.austral.dissis.chess.engine.myTests.pieceMovesTest.QueenMovesTest" time="0.001"/>
  <testcase name="queenMoveDownLeft()" classname="edu.austral.dissis.chess.engine.myTests.pieceMovesTest.QueenMovesTest" time="0.002"/>
  <testcase name="queenMoveDownLeftBlocked()" classname="edu.austral.dissis.chess.engine.myTests.pieceMovesTest.QueenMovesTest" time="0.002"/>
  <testcase name="queenMoveUpLeft()" classname="edu.austral.dissis.chess.engine.myTests.pieceMovesTest.QueenMovesTest" time="0.002"/>
  <testcase name="queenMoveUp()" classname="edu.austral.dissis.chess.engine.myTests.pieceMovesTest.QueenMovesTest" time="0.002"/>
  <testcase name="queenMoveRight()" classname="edu.austral.dissis.chess.engine.myTests.pieceMovesTest.QueenMovesTest" time="0.001"/>
  <testcase name="queenInvalidMove()" classname="edu.austral.dissis.chess.engine.myTests.pieceMovesTest.QueenMovesTest" time="0.002"/>
  <testcase name="queenMoveUpRightBlocked()" classname="edu.austral.dissis.chess.engine.myTests.pieceMovesTest.QueenMovesTest" time="0.001"/>
  <testcase name="queenMoveUpLeftBlocked()" classname="edu.austral.dissis.chess.engine.myTests.pieceMovesTest.QueenMovesTest" time="0.001"/>
  <testcase name="queenMoveDownRightBlocked()" classname="edu.austral.dissis.chess.engine.myTests.pieceMovesTest.QueenMovesTest" time="0.002"/>
  <system-out><![CDATA[[]
]]></system-out>
  <system-err><![CDATA[]]></system-err>
</testsuite>
