<?xml version="1.0" encoding="UTF-8"?>
<testsuite name="edu.austral.dissis.chess.engine.myTests.resultsTest.EndGameResultTest" tests="3" skipped="0" failures="0" errors="0" timestamp="2024-06-18T20:40:23" hostname="DESKTOP-RV0KP29" time="0.078">
  <properties/>
  <testcase name="testEndGameResult()" classname="edu.austral.dissis.chess.engine.myTests.resultsTest.EndGameResultTest" time="0.013"/>
  <testcase name="foolsMateTest()" classname="edu.austral.dissis.chess.engine.myTests.resultsTest.EndGameResultTest" time="0.03"/>
  <testcase name="scholarsMate()" classname="edu.austral.dissis.chess.engine.myTests.resultsTest.EndGameResultTest" time="0.033"/>
  <system-out><![CDATA[[]
[Position(x=7, y=8), Position(x=6, y=8)]
[]
[Position(x=2, y=7), Position(x=3, y=7)]
[]
[Position(x=7, y=8), Position(x=6, y=8), Position(x=5, y=8)]
[]
[Position(x=2, y=7), Position(x=3, y=7), Position(x=4, y=7)]
[]
[Position(x=2, y=7), Position(x=3, y=7), Position(x=4, y=7), Position(x=5, y=7)]
[]
[Position(x=7, y=8)]
[Position(x=5, y=3)]
[Position(x=6, y=6)]
[Position(x=5, y=2)]
[Position(x=7, y=6)]
[Position(x=7, y=4)]
[Position(x=7, y=6), Position(x=6, y=7)]
[Position(x=1, y=6)]
[Position(x=7, y=6), Position(x=6, y=7)]
[]
[Position(x=7, y=6), Position(x=6, y=7)]
[Position(x=2, y=6)]
[Position(x=7, y=6), Position(x=6, y=7)]
[]
[Position(x=7, y=6), Position(x=6, y=7)]
[Position(x=3, y=6)]
[Position(x=7, y=6), Position(x=6, y=7)]
[]
[Position(x=7, y=6), Position(x=6, y=7)]
[Position(x=4, y=6)]
[Position(x=7, y=6), Position(x=6, y=7)]
[]
[Position(x=7, y=6), Position(x=6, y=7)]
[Position(x=5, y=6)]
[Position(x=7, y=6), Position(x=6, y=7)]
[]
[Position(x=7, y=6), Position(x=6, y=7)]
[]
[Position(x=7, y=6), Position(x=6, y=7)]
[Position(x=1, y=7), Position(x=1, y=6), Position(x=1, y=5), Position(x=1, y=4), Position(x=1, y=3), Position(x=1, y=2)]
[Position(x=1, y=7), Position(x=1, y=6), Position(x=1, y=5), Position(x=1, y=4), Position(x=1, y=3)]
[Position(x=1, y=7), Position(x=1, y=6), Position(x=1, y=5), Position(x=1, y=4)]
[Position(x=1, y=7), Position(x=1, y=6), Position(x=1, y=5)]
[Position(x=1, y=7), Position(x=1, y=6)]
[Position(x=1, y=7)]
[]
[]
[Position(x=2, y=8)]
[Position(x=2, y=8), Position(x=3, y=8)]
[Position(x=2, y=8), Position(x=3, y=8), Position(x=4, y=8)]
[Position(x=2, y=8), Position(x=3, y=8), Position(x=4, y=8), Position(x=5, y=8)]
[Position(x=2, y=8), Position(x=3, y=8), Position(x=4, y=8), Position(x=5, y=8), Position(x=6, y=8)]
[Position(x=2, y=8), Position(x=3, y=8), Position(x=4, y=8), Position(x=5, y=8), Position(x=6, y=8), Position(x=7, y=8)]
[Position(x=7, y=8), Position(x=6, y=8), Position(x=5, y=8), Position(x=4, y=8), Position(x=3, y=8), Position(x=2, y=8)]
[Position(x=7, y=8), Position(x=6, y=8), Position(x=5, y=8), Position(x=4, y=8), Position(x=3, y=8)]
[Position(x=7, y=8), Position(x=6, y=8), Position(x=5, y=8), Position(x=4, y=8)]
[Position(x=7, y=8), Position(x=6, y=8), Position(x=5, y=8)]
[Position(x=7, y=8), Position(x=6, y=8)]
[Position(x=7, y=8)]
[]
[Position(x=8, y=7), Position(x=8, y=6), Position(x=8, y=5), Position(x=8, y=4), Position(x=8, y=3), Position(x=8, y=2)]
[Position(x=8, y=7), Position(x=8, y=6), Position(x=8, y=5), Position(x=8, y=4), Position(x=8, y=3)]
[Position(x=8, y=7), Position(x=8, y=6), Position(x=8, y=5), Position(x=8, y=4)]
[Position(x=8, y=7), Position(x=8, y=6), Position(x=8, y=5)]
[Position(x=8, y=7), Position(x=8, y=6)]
[Position(x=8, y=7)]
[]
[Position(x=2, y=7)]
[]
[]
[Position(x=4, y=7)]
[Position(x=4, y=7), Position(x=5, y=6)]
[Position(x=4, y=7), Position(x=5, y=6), Position(x=6, y=5)]
[Position(x=4, y=7), Position(x=5, y=6), Position(x=6, y=5), Position(x=7, y=4)]
[Position(x=5, y=7), Position(x=4, y=6), Position(x=3, y=5), Position(x=2, y=4)]
[Position(x=5, y=7), Position(x=4, y=6), Position(x=3, y=5)]
[Position(x=5, y=7), Position(x=4, y=6)]
[Position(x=5, y=7)]
[]
[]
[Position(x=7, y=6), Position(x=6, y=7)]
[Position(x=7, y=7)]
[Position(x=7, y=6), Position(x=6, y=7)]
[Position(x=7, y=6), Position(x=6, y=7)]
[Position(x=7, y=6), Position(x=6, y=7)]
[Position(x=7, y=6), Position(x=6, y=7)]
[Position(x=7, y=6), Position(x=6, y=7)]
[Position(x=3, y=7), Position(x=2, y=6)]
[Position(x=3, y=8), Position(x=2, y=8)]
[Position(x=3, y=7)]
[Position(x=3, y=8)]
[]
[]
[Position(x=4, y=7), Position(x=4, y=6), Position(x=4, y=5), Position(x=4, y=4), Position(x=4, y=3), Position(x=4, y=2)]
[Position(x=4, y=7), Position(x=4, y=6), Position(x=4, y=5), Position(x=4, y=4), Position(x=4, y=3)]
[Position(x=4, y=7), Position(x=4, y=6), Position(x=4, y=5), Position(x=4, y=4)]
[Position(x=4, y=7), Position(x=4, y=6), Position(x=4, y=5)]
[Position(x=4, y=7), Position(x=4, y=6)]
[Position(x=4, y=7)]
[]
[]
[]
[Position(x=5, y=7)]
[Position(x=5, y=8)]
[Position(x=5, y=7), Position(x=6, y=6)]
[Position(x=5, y=8), Position(x=6, y=8)]
[Position(x=5, y=7), Position(x=6, y=6), Position(x=7, y=5)]
[Position(x=5, y=8), Position(x=6, y=8), Position(x=7, y=8)]
[Position(x=4, y=8)]
[]
[]
[]
[]
[Position(x=7, y=6)]
[]
[Position(x=6, y=8)]
[]
[Position(x=7, y=6), Position(x=6, y=7)]
[]
[Position(x=7, y=6), Position(x=6, y=7)]
[]
[Position(x=7, y=6), Position(x=6, y=7)]
[Position(x=5, y=3)]
[Position(x=5, y=6)]
[Position(x=5, y=2), Position(x=4, y=3)]
[Position(x=5, y=2), Position(x=6, y=3), Position(x=7, y=4)]
[Position(x=7, y=6), Position(x=6, y=7)]
[Position(x=7, y=6), Position(x=6, y=7)]
[Position(x=7, y=6)]
[]
[Position(x=1, y=6)]
[]
[]
[]
[Position(x=2, y=6)]
[]
[]
[]
[Position(x=3, y=6)]
[]
[Position(x=4, y=6)]
[]
[]
[]
[Position(x=7, y=6)]
[]
[]
[]
[Position(x=8, y=6)]
[]
[]
[]
[Position(x=1, y=7), Position(x=1, y=6), Position(x=1, y=5), Position(x=1, y=4), Position(x=1, y=3), Position(x=1, y=2)]
[Position(x=1, y=7), Position(x=1, y=6), Position(x=1, y=5), Position(x=1, y=4), Position(x=1, y=3)]
[Position(x=1, y=7), Position(x=1, y=6), Position(x=1, y=5), Position(x=1, y=4)]
[Position(x=1, y=7), Position(x=1, y=6), Position(x=1, y=5)]
[Position(x=1, y=7), Position(x=1, y=6)]
[Position(x=1, y=7)]
[]
[]
[]
[Position(x=2, y=8)]
[Position(x=2, y=8), Position(x=3, y=8)]
[Position(x=2, y=8), Position(x=3, y=8), Position(x=4, y=8)]
[Position(x=2, y=8), Position(x=3, y=8), Position(x=4, y=8), Position(x=5, y=8)]
[Position(x=2, y=8), Position(x=3, y=8), Position(x=4, y=8), Position(x=5, y=8), Position(x=6, y=8)]
[Position(x=2, y=8), Position(x=3, y=8), Position(x=4, y=8), Position(x=5, y=8), Position(x=6, y=8), Position(x=7, y=8)]
[Position(x=7, y=8), Position(x=6, y=8), Position(x=5, y=8), Position(x=4, y=8), Position(x=3, y=8), Position(x=2, y=8)]
[Position(x=7, y=8), Position(x=6, y=8), Position(x=5, y=8), Position(x=4, y=8), Position(x=3, y=8)]
[Position(x=7, y=8), Position(x=6, y=8), Position(x=5, y=8), Position(x=4, y=8)]
[Position(x=7, y=8), Position(x=6, y=8), Position(x=5, y=8)]
[Position(x=7, y=8), Position(x=6, y=8)]
[Position(x=7, y=8)]
[]
[]
[Position(x=8, y=7), Position(x=8, y=6), Position(x=8, y=5), Position(x=8, y=4), Position(x=8, y=3), Position(x=8, y=2)]
[Position(x=8, y=7), Position(x=8, y=6), Position(x=8, y=5), Position(x=8, y=4), Position(x=8, y=3)]
[Position(x=8, y=7), Position(x=8, y=6), Position(x=8, y=5), Position(x=8, y=4)]
[Position(x=8, y=7), Position(x=8, y=6), Position(x=8, y=5)]
[Position(x=8, y=7), Position(x=8, y=6)]
[Position(x=8, y=7)]
[]
[Position(x=2, y=7)]
[]
[]
[Position(x=4, y=7)]
[Position(x=4, y=7), Position(x=5, y=6)]
[Position(x=4, y=7), Position(x=5, y=6), Position(x=6, y=5)]
[Position(x=4, y=7), Position(x=5, y=6), Position(x=6, y=5), Position(x=7, y=4)]
[Position(x=5, y=7), Position(x=4, y=6), Position(x=3, y=5), Position(x=2, y=4)]
[]
[Position(x=5, y=7), Position(x=4, y=6), Position(x=3, y=5)]
[]
[Position(x=5, y=7), Position(x=4, y=6)]
[]
[Position(x=5, y=7)]
[]
[]
[]
[]
[Position(x=7, y=7)]
[Position(x=3, y=7), Position(x=2, y=6)]
[Position(x=3, y=8), Position(x=2, y=8)]
[Position(x=3, y=7)]
[Position(x=3, y=8)]
[]
[]
[Position(x=4, y=7), Position(x=4, y=6), Position(x=4, y=5), Position(x=4, y=4), Position(x=4, y=3), Position(x=4, y=2)]
[Position(x=4, y=7), Position(x=4, y=6), Position(x=4, y=5), Position(x=4, y=4), Position(x=4, y=3)]
[Position(x=4, y=7), Position(x=4, y=6), Position(x=4, y=5), Position(x=4, y=4)]
[Position(x=4, y=7), Position(x=4, y=6), Position(x=4, y=5)]
[Position(x=4, y=7), Position(x=4, y=6)]
[Position(x=4, y=7)]
[]
[]
[]
[]
[Position(x=5, y=7)]
[Position(x=5, y=8)]
[Position(x=5, y=7), Position(x=6, y=6)]
[Position(x=5, y=8), Position(x=6, y=8)]
[Position(x=5, y=7), Position(x=6, y=6), Position(x=7, y=5)]
[Position(x=5, y=8), Position(x=6, y=8), Position(x=7, y=8)]
[Position(x=4, y=8)]
[]
[]
[]
[]
[]
[Position(x=4, y=5), Position(x=5, y=6)]
[]
[Position(x=6, y=8)]
[]
[]
[]
[]
[]
[]
[]
[]
[]
[]
]]></system-out>
  <system-err><![CDATA[]]></system-err>
</testsuite>
