<?xml version="1.0" encoding="UTF-8"?>
<testsuite name="edu.austral.dissis.chess.engine.myTests.resultsTest.SuccessfulMoveResultTest" tests="4" skipped="0" failures="0" errors="0" timestamp="2024-06-18T20:40:23" hostname="DESKTOP-RV0KP29" time="0.018">
  <properties/>
  <testcase name="testInvalidMove()" classname="edu.austral.dissis.chess.engine.myTests.resultsTest.SuccessfulMoveResultTest" time="0.002"/>
  <testcase name="testRedo()" classname="edu.austral.dissis.chess.engine.myTests.resultsTest.SuccessfulMoveResultTest" time="0.003"/>
  <testcase name="testUndo()" classname="edu.austral.dissis.chess.engine.myTests.resultsTest.SuccessfulMoveResultTest" time="0.002"/>
  <testcase name="testGetResult()" classname="edu.austral.dissis.chess.engine.myTests.resultsTest.SuccessfulMoveResultTest" time="0.005"/>
  <system-out><![CDATA[[]
[]
[]
[]
]]></system-out>
  <system-err><![CDATA[]]></system-err>
</testsuite>
