<?xml version="1.0" encoding="UTF-8"?>
<testsuite name="edu.austral.dissis.chess.engine.myTests.pieceMovesTest.RookMovesTest" tests="7" skipped="0" failures="0" errors="0" timestamp="2024-06-18T20:40:22" hostname="DESKTOP-RV0KP29" time="0.028">
  <properties/>
  <testcase name="rookMovingDown()" classname="edu.austral.dissis.chess.engine.myTests.pieceMovesTest.RookMovesTest" time="0.005"/>
  <testcase name="rookMovingLeft()" classname="edu.austral.dissis.chess.engine.myTests.pieceMovesTest.RookMovesTest" time="0.001"/>
  <testcase name="rookMovingRight()" classname="edu.austral.dissis.chess.engine.myTests.pieceMovesTest.RookMovesTest" time="0.002"/>
  <testcase name="rookInvalidMove()" classname="edu.austral.dissis.chess.engine.myTests.pieceMovesTest.RookMovesTest" time="0.002"/>
  <testcase name="rookMovingUp()" classname="edu.austral.dissis.chess.engine.myTests.pieceMovesTest.RookMovesTest" time="0.002"/>
  <testcase name="rookMoveDiagonal()" classname="edu.austral.dissis.chess.engine.myTests.pieceMovesTest.RookMovesTest" time="0.002"/>
  <testcase name="rookPathNotClear()" classname="edu.austral.dissis.chess.engine.myTests.pieceMovesTest.RookMovesTest" time="0.004"/>
  <system-out><![CDATA[[]
[]
[]
[]
[Position(x=1, y=2), Position(x=1, y=3), Position(x=1, y=4), Position(x=1, y=5), Position(x=1, y=6)]
[Position(x=2, y=2)]
[Position(x=1, y=3)]
]]></system-out>
  <system-err><![CDATA[]]></system-err>
</testsuite>
