<?xml version="1.0" encoding="UTF-8"?>
<testsuite name="edu.austral.dissis.chess.engine.myTests.predefined.frameworkTests.FrameWorkTests" tests="6" skipped="0" failures="0" errors="0" timestamp="2024-06-18T20:40:22" hostname="DESKTOP-RV0KP29" time="0.474">
  <properties/>
  <testcase name="test basic bishop moves()" classname="edu.austral.dissis.chess.engine.myTests.predefined.frameworkTests.FrameWorkTests" time="0.354"/>
  <testcase name="test basic knight moves()" classname="edu.austral.dissis.chess.engine.myTests.predefined.frameworkTests.FrameWorkTests" time="0.008"/>
  <testcase name="test basic king moves()" classname="edu.austral.dissis.chess.engine.myTests.predefined.frameworkTests.FrameWorkTests" time="0.027"/>
  <testcase name="test basic queen moves()" classname="edu.austral.dissis.chess.engine.myTests.predefined.frameworkTests.FrameWorkTests" time="0.023"/>
  <testcase name="test basic pawn moves()" classname="edu.austral.dissis.chess.engine.myTests.predefined.frameworkTests.FrameWorkTests" time="0.023"/>
  <testcase name="test basic rook moves()" classname="edu.austral.dissis.chess.engine.myTests.predefined.frameworkTests.FrameWorkTests" time="0.031"/>
  <system-out><![CDATA[[Position(x=5, y=4), Position(x=6, y=3), Position(x=7, y=2)]
[Position(x=3, y=4), Position(x=2, y=3)]
[Position(x=5, y=4), Position(x=6, y=3)]
[Position(x=3, y=4)]
[Position(x=5, y=4)]
[]
[]
[]
[]
[Position(x=3, y=6)]
[Position(x=5, y=6)]
[Position(x=3, y=6), Position(x=2, y=7)]
[Position(x=5, y=6), Position(x=6, y=7)]
[]
[]
[]
[Position(x=4, y=4), Position(x=4, y=3), Position(x=4, y=2)]
[]
[]
[]
[]
[]
[]
[Position(x=4, y=4), Position(x=4, y=3)]
[]
[]
[]
[]
[]
[]
[Position(x=4, y=4)]
[]
[]
[]
[]
[]
[]
[]
[]
[]
[]
[]
[Position(x=3, y=5), Position(x=2, y=5)]
[Position(x=3, y=5)]
[]
[]
[Position(x=5, y=5)]
[Position(x=5, y=5), Position(x=6, y=5)]
[Position(x=5, y=5), Position(x=6, y=5), Position(x=7, y=5)]
[Position(x=5, y=5), Position(x=6, y=5), Position(x=7, y=5), Position(x=8, y=5)]
[]
[]
[]
[]
[]
[]
[]
[]
[]
[Position(x=4, y=6)]
[]
[]
[]
[]
[]
[]
[Position(x=4, y=6), Position(x=4, y=7)]
[]
[]
[]
[]
[]
[]
[]
[]
[]
[]
[]
[]
[]
[]
[]
[Position(x=4, y=4), Position(x=4, y=3), Position(x=4, y=2)]
[]
[]
[]
[Position(x=5, y=4), Position(x=6, y=3), Position(x=7, y=2)]
[]
[Position(x=3, y=4), Position(x=2, y=3)]
[]
[]
[Position(x=4, y=4), Position(x=4, y=3)]
[]
[]
[Position(x=5, y=4), Position(x=6, y=3)]
[]
[]
[]
[Position(x=3, y=4)]
[]
[Position(x=4, y=4)]
[]
[Position(x=5, y=4)]
[]
[]
[]
[]
[]
[]
[]
[]
[]
[Position(x=3, y=5), Position(x=2, y=5)]
[Position(x=3, y=5)]
[Position(x=5, y=5)]
[Position(x=5, y=5), Position(x=6, y=5)]
[Position(x=5, y=5), Position(x=6, y=5), Position(x=7, y=5)]
[Position(x=5, y=5), Position(x=6, y=5), Position(x=7, y=5), Position(x=8, y=5)]
[]
[]
[]
[]
[]
[]
[]
[Position(x=3, y=6)]
[]
[Position(x=4, y=6)]
[]
[Position(x=5, y=6)]
[]
[]
[]
[Position(x=3, y=6), Position(x=2, y=7)]
[]
[]
[Position(x=4, y=6), Position(x=4, y=7)]
[]
[]
[Position(x=5, y=6), Position(x=6, y=7)]
[]
[]
[Position(x=4, y=4), Position(x=4, y=3), Position(x=4, y=2)]
[Position(x=5, y=4), Position(x=6, y=3), Position(x=7, y=2)]
[Position(x=3, y=4), Position(x=2, y=3)]
[Position(x=4, y=4), Position(x=4, y=3)]
[Position(x=5, y=4), Position(x=6, y=3)]
[Position(x=3, y=4)]
[Position(x=4, y=4)]
[Position(x=5, y=4)]
[]
[]
[]
[Position(x=3, y=5), Position(x=2, y=5)]
[Position(x=3, y=5)]
[]
[]
[Position(x=5, y=5)]
[Position(x=5, y=5), Position(x=6, y=5)]
[Position(x=5, y=5), Position(x=6, y=5), Position(x=7, y=5)]
[]
[]
[]
[Position(x=3, y=6)]
[Position(x=4, y=6)]
[Position(x=5, y=6)]
[Position(x=3, y=6), Position(x=2, y=7)]
[Position(x=4, y=6), Position(x=4, y=7)]
[Position(x=5, y=6), Position(x=6, y=7)]
[]
[]
[]
[]
[]
[]
[]
[]
[]
[]
[]
[]
[]
[]
[]
[]
[]
[]
[]
[]
[]
[]
[]
[]
[]
[Position(x=5, y=5), Position(x=6, y=5), Position(x=7, y=5), Position(x=8, y=5)]
[]
[]
[]
[]
[]
[]
[]
[]
[]
[]
[]
[]
[]
[]
[]
[]
[]
[]
[]
[]
[]
[]
[Position(x=4, y=4), Position(x=4, y=3), Position(x=4, y=2)]
[]
[]
[]
[Position(x=5, y=4), Position(x=6, y=3), Position(x=7, y=2)]
[]
[Position(x=3, y=4), Position(x=2, y=3)]
[]
[]
[Position(x=4, y=4), Position(x=4, y=3)]
[]
[]
[Position(x=5, y=4), Position(x=6, y=3)]
[]
[]
[]
[Position(x=3, y=4)]
[]
[Position(x=4, y=4)]
[]
[Position(x=5, y=4)]
[]
[]
[]
[]
[]
[]
[]
[]
[]
[]
[]
[]
[Position(x=3, y=5), Position(x=2, y=5)]
[Position(x=3, y=5)]
[]
[]
[Position(x=5, y=5)]
[Position(x=5, y=5), Position(x=6, y=5)]
[Position(x=5, y=5), Position(x=6, y=5), Position(x=7, y=5)]
[Position(x=5, y=5), Position(x=6, y=5), Position(x=7, y=5), Position(x=8, y=5)]
[]
[]
[]
[]
[]
[]
[]
[]
[]
[Position(x=3, y=6)]
[]
[Position(x=4, y=6)]
[]
[Position(x=5, y=6)]
[]
[]
[]
[Position(x=3, y=6), Position(x=2, y=7)]
[]
[]
[Position(x=4, y=6), Position(x=4, y=7)]
[]
[]
[Position(x=5, y=6), Position(x=6, y=7)]
[]
[]
[Position(x=4, y=4), Position(x=4, y=3), Position(x=4, y=2)]
[Position(x=4, y=4), Position(x=4, y=3)]
[Position(x=4, y=4)]
[]
[Position(x=3, y=5), Position(x=2, y=5)]
[Position(x=3, y=5)]
[]
[]
[Position(x=5, y=5)]
[Position(x=5, y=5), Position(x=6, y=5)]
[Position(x=5, y=5), Position(x=6, y=5), Position(x=7, y=5)]
[]
[Position(x=4, y=6)]
[Position(x=4, y=6), Position(x=4, y=7)]
[]
[]
[]
[]
[]
[]
[Position(x=5, y=4), Position(x=6, y=3), Position(x=7, y=2)]
[]
[Position(x=3, y=4), Position(x=2, y=3)]
[]
[]
[]
[]
[Position(x=5, y=4), Position(x=6, y=3)]
[]
[]
[]
[Position(x=3, y=4)]
[]
[]
[Position(x=5, y=4)]
[]
[]
[]
[]
[]
[]
[]
[]
[]
[]
[]
[Position(x=5, y=5), Position(x=6, y=5), Position(x=7, y=5), Position(x=8, y=5)]
[]
[]
[]
[]
[]
[]
[]
[]
[]
[Position(x=3, y=6)]
[]
[]
[Position(x=5, y=6)]
[]
[]
[]
[Position(x=3, y=6), Position(x=2, y=7)]
[]
[]
[]
[]
[Position(x=5, y=6), Position(x=6, y=7)]
[]
[]
]]></system-out>
  <system-err><![CDATA[]]></system-err>
</testsuite>
